{"C:\\Users\\משתמש\\Desktop\\תכנות\\פרויקט אנגולר נוד\\my-project\\backend\\models\\File.js": {"path":"C:\\Users\\משתמש\\Desktop\\תכנות\\פרויקט אנגולר נוד\\my-project\\backend\\models\\File.js","statementMap":{"0":{"start":{"line":1,"column":17},"end":{"line":1,"column":36}},"1":{"start":{"line":3,"column":19},"end":{"line":6,"column":24}},"2":{"start":{"line":8,"column":0},"end":{"line":8,"column":52}}},"fnMap":{},"branchMap":{},"s":{"0":3,"1":3,"2":3},"f":{},"b":{},"_coverageSchema":"1a1c01bbd47fc00a2c39e90264f33305004495a9","hash":"746099a1888d7e1612c8a39db4d9917268038ae1"}
,"C:\\Users\\משתמש\\Desktop\\תכנות\\פרויקט אנגולר נוד\\my-project\\backend\\routes\\fileRoutes.js": {"path":"C:\\Users\\משתמש\\Desktop\\תכנות\\פרויקט אנגולר נוד\\my-project\\backend\\routes\\fileRoutes.js","statementMap":{"0":{"start":{"line":1,"column":16},"end":{"line":1,"column":34}},"1":{"start":{"line":2,"column":15},"end":{"line":2,"column":32}},"2":{"start":{"line":3,"column":15},"end":{"line":3,"column":31}},"3":{"start":{"line":4,"column":33},"end":{"line":4,"column":67}},"4":{"start":{"line":5,"column":13},"end":{"line":5,"column":38}},"5":{"start":{"line":6,"column":13},"end":{"line":6,"column":28}},"6":{"start":{"line":7,"column":11},"end":{"line":7,"column":24}},"7":{"start":{"line":9,"column":18},"end":{"line":9,"column":52}},"8":{"start":{"line":10,"column":0},"end":{"line":10,"column":55}},"9":{"start":{"line":10,"column":31},"end":{"line":10,"column":55}},"10":{"start":{"line":12,"column":16},"end":{"line":15,"column":2}},"11":{"start":{"line":13,"column":34},"end":{"line":13,"column":53}},"12":{"start":{"line":14,"column":31},"end":{"line":14,"column":58}},"13":{"start":{"line":16,"column":15},"end":{"line":16,"column":34}},"14":{"start":{"line":18,"column":0},"end":{"line":30,"column":3}},"15":{"start":{"line":19,"column":2},"end":{"line":19,"column":78}},"16":{"start":{"line":19,"column":17},"end":{"line":19,"column":78}},"17":{"start":{"line":21,"column":2},"end":{"line":29,"column":3}},"18":{"start":{"line":22,"column":19},"end":{"line":22,"column":58}},"19":{"start":{"line":23,"column":4},"end":{"line":23,"column":80}},"20":{"start":{"line":23,"column":16},"end":{"line":23,"column":80}},"21":{"start":{"line":25,"column":4},"end":{"line":25,"column":29}},"22":{"start":{"line":26,"column":4},"end":{"line":26,"column":68}},"23":{"start":{"line":28,"column":4},"end":{"line":28,"column":62}},"24":{"start":{"line":32,"column":0},"end":{"line":39,"column":3}},"25":{"start":{"line":33,"column":2},"end":{"line":38,"column":3}},"26":{"start":{"line":34,"column":18},"end":{"line":34,"column":62}},"27":{"start":{"line":35,"column":4},"end":{"line":35,"column":20}},"28":{"start":{"line":37,"column":4},"end":{"line":37,"column":62}},"29":{"start":{"line":41,"column":0},"end":{"line":41,"column":24}}},"fnMap":{"0":{"name":"(anonymous_0)","decl":{"start":{"line":13,"column":15},"end":{"line":13,"column":16}},"loc":{"start":{"line":13,"column":34},"end":{"line":13,"column":53}},"line":13},"1":{"name":"(anonymous_1)","decl":{"start":{"line":14,"column":12},"end":{"line":14,"column":13}},"loc":{"start":{"line":14,"column":31},"end":{"line":14,"column":58}},"line":14},"2":{"name":"(anonymous_2)","decl":{"start":{"line":18,"column":46},"end":{"line":18,"column":47}},"loc":{"start":{"line":18,"column":66},"end":{"line":30,"column":1}},"line":18},"3":{"name":"(anonymous_3)","decl":{"start":{"line":32,"column":16},"end":{"line":32,"column":17}},"loc":{"start":{"line":32,"column":36},"end":{"line":39,"column":1}},"line":32}},"branchMap":{"0":{"loc":{"start":{"line":10,"column":0},"end":{"line":10,"column":55}},"type":"if","locations":[{"start":{"line":10,"column":0},"end":{"line":10,"column":55}},{"start":{},"end":{}}],"line":10},"1":{"loc":{"start":{"line":19,"column":2},"end":{"line":19,"column":78}},"type":"if","locations":[{"start":{"line":19,"column":2},"end":{"line":19,"column":78}},{"start":{},"end":{}}],"line":19},"2":{"loc":{"start":{"line":23,"column":4},"end":{"line":23,"column":80}},"type":"if","locations":[{"start":{"line":23,"column":4},"end":{"line":23,"column":80}},{"start":{},"end":{}}],"line":23}},"s":{"0":1,"1":1,"2":1,"3":1,"4":1,"5":1,"6":1,"7":1,"8":1,"9":0,"10":1,"11":3,"12":3,"13":1,"14":1,"15":4,"16":1,"17":3,"18":3,"19":3,"20":1,"21":2,"22":1,"23":1,"24":1,"25":2,"26":2,"27":1,"28":1,"29":1},"f":{"0":3,"1":3,"2":4,"3":2},"b":{"0":[0,1],"1":[1,3],"2":[1,2]},"_coverageSchema":"1a1c01bbd47fc00a2c39e90264f33305004495a9","hash":"e740372606583a4f0e9042ce0b4f740105f14593"}
,"C:\\Users\\משתמש\\Desktop\\תכנות\\פרויקט אנגולר נוד\\my-project\\backend\\services\\fileService.js": {"path":"C:\\Users\\משתמש\\Desktop\\תכנות\\פרויקט אנגולר נוד\\my-project\\backend\\services\\fileService.js","statementMap":{"0":{"start":{"line":1,"column":13},"end":{"line":1,"column":38}},"1":{"start":{"line":4,"column":2},"end":{"line":9,"column":3}},"2":{"start":{"line":5,"column":25},"end":{"line":5,"column":57}},"3":{"start":{"line":6,"column":4},"end":{"line":6,"column":33}},"4":{"start":{"line":8,"column":4},"end":{"line":8,"column":53}},"5":{"start":{"line":13,"column":2},"end":{"line":21,"column":3}},"6":{"start":{"line":14,"column":20},"end":{"line":17,"column":6}},"7":{"start":{"line":18,"column":4},"end":{"line":18,"column":32}},"8":{"start":{"line":20,"column":4},"end":{"line":20,"column":16}},"9":{"start":{"line":24,"column":0},"end":{"line":24,"column":42}}},"fnMap":{"0":{"name":"fileExists","decl":{"start":{"line":3,"column":15},"end":{"line":3,"column":25}},"loc":{"start":{"line":3,"column":36},"end":{"line":10,"column":1}},"line":3},"1":{"name":"saveFile","decl":{"start":{"line":12,"column":15},"end":{"line":12,"column":23}},"loc":{"start":{"line":12,"column":30},"end":{"line":22,"column":1}},"line":12}},"branchMap":{},"s":{"0":2,"1":5,"2":5,"3":4,"4":1,"5":4,"6":4,"7":4,"8":2,"9":2},"f":{"0":5,"1":4},"b":{},"_coverageSchema":"1a1c01bbd47fc00a2c39e90264f33305004495a9","hash":"97bf09d0cb048b56b21db320496da107a1e34451"}
}
