TN:
SF:backend\models\File.js
FNF:0
FNH:0
DA:1,3
DA:3,3
DA:8,3
LF:3
LH:3
BRF:0
BRH:0
end_of_record
TN:
SF:backend\routes\fileRoutes.js
FN:13,(anonymous_0)
FN:14,(anonymous_1)
FN:18,(anonymous_2)
FN:32,(anonymous_3)
FNF:4
FNH:4
FNDA:3,(anonymous_0)
FNDA:3,(anonymous_1)
FNDA:4,(anonymous_2)
FNDA:2,(anonymous_3)
DA:1,1
DA:2,1
DA:3,1
DA:4,1
DA:5,1
DA:6,1
DA:7,1
DA:9,1
DA:10,1
DA:12,1
DA:13,3
DA:14,3
DA:16,1
DA:18,1
DA:19,4
DA:21,3
DA:22,3
DA:23,3
DA:25,2
DA:26,1
DA:28,1
DA:32,1
DA:33,2
DA:34,2
DA:35,1
DA:37,1
DA:41,1
LF:27
LH:27
BRDA:10,0,0,0
BRDA:10,0,1,1
BRDA:19,1,0,1
BRDA:19,1,1,3
BRDA:23,2,0,1
BRDA:23,2,1,2
BRF:6
BRH:5
end_of_record
TN:
SF:backend\services\fileService.js
FN:3,fileExists
FN:12,saveFile
FNF:2
FNH:2
FNDA:5,fileExists
FNDA:4,saveFile
DA:1,2
DA:4,5
DA:5,5
DA:6,4
DA:8,1
DA:13,4
DA:14,4
DA:18,4
DA:20,2
DA:24,2
LF:10
LH:10
BRF:0
BRH:0
end_of_record
